The target system is: Generic - 1 - 
The host system is: Linux - 4.10.0-42-generic - x86_64
Compiling the C compiler identification source file "CMakeCCompilerId.c" succeeded.
Compiler: /usr/bin/arm-none-eabi-gcc 
Build flags: 
Id flags: -c 

The output was:
0


Compilation of the C compiler identification source "CMakeCCompilerId.c" produced "CMakeCCompilerId.o"

The C compiler identification is GNU, found in "/home/nick/project/CubeMX/Clion_MAX_test/build-debug/CMakeFiles/3.10.2/CompilerIdC/CMakeCCompilerId.o"

Compiling the CXX compiler identification source file "CMakeCXXCompilerId.cpp" succeeded.
Compiler: /usr/bin/arm-none-eabi-g++ 
Build flags: 
Id flags: -c 

The output was:
0


Compilation of the CXX compiler identification source "CMakeCXXCompilerId.cpp" produced "CMakeCXXCompilerId.o"

The CXX compiler identification is GNU, found in "/home/nick/project/CubeMX/Clion_MAX_test/build-debug/CMakeFiles/3.10.2/CompilerIdCXX/CMakeCXXCompilerId.o"

Detecting C compiler ABI info compiled with the following output:
Change Dir: /home/nick/project/CubeMX/Clion_MAX_test/build-debug/CMakeFiles/CMakeTmp

Run Build Command:"/usr/bin/make" "cmTC_c1df3/fast"
/usr/bin/make -f CMakeFiles/cmTC_c1df3.dir/build.make CMakeFiles/cmTC_c1df3.dir/build
make[1]: Entering directory '/home/nick/project/CubeMX/Clion_MAX_test/build-debug/CMakeFiles/CMakeTmp'
Building C object CMakeFiles/cmTC_c1df3.dir/CMakeCCompilerABI.c.obj
/usr/bin/arm-none-eabi-gcc   -mcpu=cortex-m4 -mfloat-abi=hard -mfpu=fpv4-sp-d16 -mthumb -mthumb-interwork -ffunction-sections -fdata-sections -g -fno-common -fmessage-length=0 -specs=nosys.specs -specs=nano.specs -std=gnu99    -o CMakeFiles/cmTC_c1df3.dir/CMakeCCompilerABI.c.obj   -c /opt/clion/bin/cmake/share/cmake-3.10/Modules/CMakeCCompilerABI.c
Linking C executable cmTC_c1df3
/opt/clion/bin/cmake/bin/cmake -E cmake_link_script CMakeFiles/cmTC_c1df3.dir/link.txt --verbose=1
/usr/bin/arm-none-eabi-gcc -mcpu=cortex-m4 -mfloat-abi=hard -mfpu=fpv4-sp-d16 -mthumb -mthumb-interwork -ffunction-sections -fdata-sections -g -fno-common -fmessage-length=0 -specs=nosys.specs -specs=nano.specs -std=gnu99   -Wl,-gc-sections -T /home/nick/project/CubeMX/Clion_MAX_test/STM32F429ZITx_FLASH.ld -v CMakeFiles/cmTC_c1df3.dir/CMakeCCompilerABI.c.obj  -o cmTC_c1df3 
Using built-in specs.
Reading specs from /usr/bin/../lib/gcc/arm-none-eabi/7.2.1/../../../../arm-none-eabi/lib/nosys.specs
rename spec link_gcc_c_sequence to nosys_link_gcc_c_sequence
Reading specs from /usr/bin/../lib/gcc/arm-none-eabi/7.2.1/../../../../arm-none-eabi/lib/nano.specs
rename spec link to nano_link
rename spec link_gcc_c_sequence to nano_link_gcc_c_sequence
rename spec cpp_unique_options to nano_cpp_unique_options
COLLECT_GCC=/usr/bin/arm-none-eabi-gcc
COLLECT_LTO_WRAPPER=/usr/bin/../lib/gcc/arm-none-eabi/7.2.1/lto-wrapper
Target: arm-none-eabi
Configured with: /build/gcc-arm-none-eabi-Q8SHFJ/gcc-arm-none-eabi-7-2017q4/src/gcc/configure --target=arm-none-eabi --prefix=/build/gcc-arm-none-eabi-Q8SHFJ/gcc-arm-none-eabi-7-2017q4/install-native --libexecdir=/build/gcc-arm-none-eabi-Q8SHFJ/gcc-arm-none-eabi-7-2017q4/install-native/lib --infodir=/build/gcc-arm-none-eabi-Q8SHFJ/gcc-arm-none-eabi-7-2017q4/install-native/share/doc/gcc-arm-none-eabi/info --mandir=/build/gcc-arm-none-eabi-Q8SHFJ/gcc-arm-none-eabi-7-2017q4/install-native/share/doc/gcc-arm-none-eabi/man --htmldir=/build/gcc-arm-none-eabi-Q8SHFJ/gcc-arm-none-eabi-7-2017q4/install-native/share/doc/gcc-arm-none-eabi/html --pdfdir=/build/gcc-arm-none-eabi-Q8SHFJ/gcc-arm-none-eabi-7-2017q4/install-native/share/doc/gcc-arm-none-eabi/pdf --enable-languages=c,c++ --enable-plugins --disable-decimal-float --disable-libffi --disable-libgomp --disable-libmudflap --disable-libquadmath --disable-libssp --disable-libstdcxx-pch --disable-nls --disable-shared --disable-threads --disable-tls --with-gnu-as --with-gnu-ld --with-newlib --with-headers=yes --with-python-dir=share/gcc-arm-none-eabi --with-sysroot=/build/gcc-arm-none-eabi-Q8SHFJ/gcc-arm-none-eabi-7-2017q4/install-native/arm-none-eabi --with-host-libstdcxx='-static-libgcc -Wl,-Bstatic,-lstdc++,-Bdynamic -lm' --with-pkgversion='GNU Tools for Arm Embedded Processors 7-2017-q4-major' --with-multilib-list=rmprofile
Thread model: single
gcc version 7.2.1 20170904 (release) [ARM/embedded-7-branch revision 255204] (GNU Tools for Arm Embedded Processors 7-2017-q4-major) 
COMPILER_PATH=/usr/bin/../lib/gcc/arm-none-eabi/7.2.1/:/usr/bin/../lib/gcc/:/usr/bin/../lib/gcc/arm-none-eabi/7.2.1/../../../../arm-none-eabi/bin/
LIBRARY_PATH=/usr/bin/../lib/gcc/arm-none-eabi/7.2.1/thumb/v7e-m/fpv4-sp/hard/:/usr/bin/../lib/gcc/arm-none-eabi/7.2.1/../../../../arm-none-eabi/lib/thumb/v7e-m/fpv4-sp/hard/:/usr/bin/../arm-none-eabi/lib/thumb/v7e-m/fpv4-sp/hard/:/usr/bin/../lib/gcc/arm-none-eabi/7.2.1/:/usr/bin/../lib/gcc/:/usr/bin/../lib/gcc/arm-none-eabi/7.2.1/../../../../arm-none-eabi/lib/:/usr/bin/../arm-none-eabi/lib/
COLLECT_GCC_OPTIONS='-mcpu=cortex-m4' '-mfloat-abi=hard' '-mfpu=fpv4-sp-d16' '-mthumb' '-mthumb-interwork' '-ffunction-sections' '-fdata-sections' '-g' '-fno-common' '-fmessage-length=0' '-specs=nosys.specs' '-specs=nano.specs' '-std=gnu99' '-T' '/home/nick/project/CubeMX/Clion_MAX_test/STM32F429ZITx_FLASH.ld' '-v' '-o' 'cmTC_c1df3'
 /usr/bin/../lib/gcc/arm-none-eabi/7.2.1/collect2 -plugin /usr/bin/../lib/gcc/arm-none-eabi/7.2.1/liblto_plugin.so -plugin-opt=/usr/bin/../lib/gcc/arm-none-eabi/7.2.1/lto-wrapper -plugin-opt=-fresolution=/tmp/ccAhxm4T.res -plugin-opt=-pass-through=-lgcc -plugin-opt=-pass-through=-lg_nano -plugin-opt=-pass-through=-lc_nano -plugin-opt=-pass-through=-lgcc -plugin-opt=-pass-through=-lc_nano -plugin-opt=-pass-through=-lnosys -plugin-opt=-pass-through=-lgcc -plugin-opt=-pass-through=-lc_nano -plugin-opt=-pass-through=-lnosys --sysroot=/usr/bin/../arm-none-eabi -X -o cmTC_c1df3 /usr/bin/../lib/gcc/arm-none-eabi/7.2.1/thumb/v7e-m/fpv4-sp/hard/crti.o /usr/bin/../lib/gcc/arm-none-eabi/7.2.1/thumb/v7e-m/fpv4-sp/hard/crtbegin.o /usr/bin/../lib/gcc/arm-none-eabi/7.2.1/../../../../arm-none-eabi/lib/thumb/v7e-m/fpv4-sp/hard/crt0.o -L/usr/bin/../lib/gcc/arm-none-eabi/7.2.1/thumb/v7e-m/fpv4-sp/hard -L/usr/bin/../lib/gcc/arm-none-eabi/7.2.1/../../../../arm-none-eabi/lib/thumb/v7e-m/fpv4-sp/hard -L/usr/bin/../arm-none-eabi/lib/thumb/v7e-m/fpv4-sp/hard -L/usr/bin/../lib/gcc/arm-none-eabi/7.2.1 -L/usr/bin/../lib/gcc -L/usr/bin/../lib/gcc/arm-none-eabi/7.2.1/../../../../arm-none-eabi/lib -L/usr/bin/../arm-none-eabi/lib -gc-sections CMakeFiles/cmTC_c1df3.dir/CMakeCCompilerABI.c.obj --start-group -lgcc -lg_nano -lc_nano --end-group --start-group -lgcc -lc_nano -lnosys --end-group --start-group -lgcc -lc_nano -lnosys --end-group /usr/bin/../lib/gcc/arm-none-eabi/7.2.1/thumb/v7e-m/fpv4-sp/hard/crtend.o /usr/bin/../lib/gcc/arm-none-eabi/7.2.1/thumb/v7e-m/fpv4-sp/hard/crtn.o -T /home/nick/project/CubeMX/Clion_MAX_test/STM32F429ZITx_FLASH.ld
/usr/bin/../lib/gcc/arm-none-eabi/7.2.1/../../../../arm-none-eabi/bin/ld: warning: cannot find entry symbol Reset_Handler; defaulting to 0000000008000000
COLLECT_GCC_OPTIONS='-mcpu=cortex-m4' '-mfloat-abi=hard' '-mfpu=fpv4-sp-d16' '-mthumb' '-mthumb-interwork' '-ffunction-sections' '-fdata-sections' '-g' '-fno-common' '-fmessage-length=0' '-specs=nosys.specs' '-specs=nano.specs' '-std=gnu99' '-T' '/home/nick/project/CubeMX/Clion_MAX_test/STM32F429ZITx_FLASH.ld' '-v' '-o' 'cmTC_c1df3'
make[1]: Leaving directory '/home/nick/project/CubeMX/Clion_MAX_test/build-debug/CMakeFiles/CMakeTmp'


Parsed C implicit link information from above output:
  link line regex: [^( *|.*[/\])(arm-none-eabi-ld|CMAKE_LINK_STARTFILE-NOTFOUND|([^/\]+-)?ld|collect2)[^/\]*( |$)]
  ignore line: [Change Dir: /home/nick/project/CubeMX/Clion_MAX_test/build-debug/CMakeFiles/CMakeTmp]
  ignore line: []
  ignore line: [Run Build Command:"/usr/bin/make" "cmTC_c1df3/fast"]
  ignore line: [/usr/bin/make -f CMakeFiles/cmTC_c1df3.dir/build.make CMakeFiles/cmTC_c1df3.dir/build]
  ignore line: [make[1]: Entering directory '/home/nick/project/CubeMX/Clion_MAX_test/build-debug/CMakeFiles/CMakeTmp']
  ignore line: [Building C object CMakeFiles/cmTC_c1df3.dir/CMakeCCompilerABI.c.obj]
  ignore line: [/usr/bin/arm-none-eabi-gcc   -mcpu=cortex-m4 -mfloat-abi=hard -mfpu=fpv4-sp-d16 -mthumb -mthumb-interwork -ffunction-sections -fdata-sections -g -fno-common -fmessage-length=0 -specs=nosys.specs -specs=nano.specs -std=gnu99    -o CMakeFiles/cmTC_c1df3.dir/CMakeCCompilerABI.c.obj   -c /opt/clion/bin/cmake/share/cmake-3.10/Modules/CMakeCCompilerABI.c]
  ignore line: [Linking C executable cmTC_c1df3]
  ignore line: [/opt/clion/bin/cmake/bin/cmake -E cmake_link_script CMakeFiles/cmTC_c1df3.dir/link.txt --verbose=1]
  ignore line: [/usr/bin/arm-none-eabi-gcc -mcpu=cortex-m4 -mfloat-abi=hard -mfpu=fpv4-sp-d16 -mthumb -mthumb-interwork -ffunction-sections -fdata-sections -g -fno-common -fmessage-length=0 -specs=nosys.specs -specs=nano.specs -std=gnu99   -Wl,-gc-sections -T /home/nick/project/CubeMX/Clion_MAX_test/STM32F429ZITx_FLASH.ld -v CMakeFiles/cmTC_c1df3.dir/CMakeCCompilerABI.c.obj  -o cmTC_c1df3 ]
  ignore line: [Using built-in specs.]
  ignore line: [Reading specs from /usr/bin/../lib/gcc/arm-none-eabi/7.2.1/../../../../arm-none-eabi/lib/nosys.specs]
  ignore line: [rename spec link_gcc_c_sequence to nosys_link_gcc_c_sequence]
  ignore line: [Reading specs from /usr/bin/../lib/gcc/arm-none-eabi/7.2.1/../../../../arm-none-eabi/lib/nano.specs]
  ignore line: [rename spec link to nano_link]
  ignore line: [rename spec link_gcc_c_sequence to nano_link_gcc_c_sequence]
  ignore line: [rename spec cpp_unique_options to nano_cpp_unique_options]
  ignore line: [COLLECT_GCC=/usr/bin/arm-none-eabi-gcc]
  ignore line: [COLLECT_LTO_WRAPPER=/usr/bin/../lib/gcc/arm-none-eabi/7.2.1/lto-wrapper]
  ignore line: [Target: arm-none-eabi]
  ignore line: [Configured with: /build/gcc-arm-none-eabi-Q8SHFJ/gcc-arm-none-eabi-7-2017q4/src/gcc/configure --target=arm-none-eabi --prefix=/build/gcc-arm-none-eabi-Q8SHFJ/gcc-arm-none-eabi-7-2017q4/install-native --libexecdir=/build/gcc-arm-none-eabi-Q8SHFJ/gcc-arm-none-eabi-7-2017q4/install-native/lib --infodir=/build/gcc-arm-none-eabi-Q8SHFJ/gcc-arm-none-eabi-7-2017q4/install-native/share/doc/gcc-arm-none-eabi/info --mandir=/build/gcc-arm-none-eabi-Q8SHFJ/gcc-arm-none-eabi-7-2017q4/install-native/share/doc/gcc-arm-none-eabi/man --htmldir=/build/gcc-arm-none-eabi-Q8SHFJ/gcc-arm-none-eabi-7-2017q4/install-native/share/doc/gcc-arm-none-eabi/html --pdfdir=/build/gcc-arm-none-eabi-Q8SHFJ/gcc-arm-none-eabi-7-2017q4/install-native/share/doc/gcc-arm-none-eabi/pdf --enable-languages=c,c++ --enable-plugins --disable-decimal-float --disable-libffi --disable-libgomp --disable-libmudflap --disable-libquadmath --disable-libssp --disable-libstdcxx-pch --disable-nls --disable-shared --disable-threads --disable-tls --with-gnu-as --with-gnu-ld --with-newlib --with-headers=yes --with-python-dir=share/gcc-arm-none-eabi --with-sysroot=/build/gcc-arm-none-eabi-Q8SHFJ/gcc-arm-none-eabi-7-2017q4/install-native/arm-none-eabi --with-host-libstdcxx='-static-libgcc -Wl,-Bstatic,-lstdc++,-Bdynamic -lm' --with-pkgversion='GNU Tools for Arm Embedded Processors 7-2017-q4-major' --with-multilib-list=rmprofile]
  ignore line: [Thread model: single]
  ignore line: [gcc version 7.2.1 20170904 (release) [ARM/embedded-7-branch revision 255204] (GNU Tools for Arm Embedded Processors 7-2017-q4-major) ]
  ignore line: [COMPILER_PATH=/usr/bin/../lib/gcc/arm-none-eabi/7.2.1/:/usr/bin/../lib/gcc/:/usr/bin/../lib/gcc/arm-none-eabi/7.2.1/../../../../arm-none-eabi/bin/]
  ignore line: [LIBRARY_PATH=/usr/bin/../lib/gcc/arm-none-eabi/7.2.1/thumb/v7e-m/fpv4-sp/hard/:/usr/bin/../lib/gcc/arm-none-eabi/7.2.1/../../../../arm-none-eabi/lib/thumb/v7e-m/fpv4-sp/hard/:/usr/bin/../arm-none-eabi/lib/thumb/v7e-m/fpv4-sp/hard/:/usr/bin/../lib/gcc/arm-none-eabi/7.2.1/:/usr/bin/../lib/gcc/:/usr/bin/../lib/gcc/arm-none-eabi/7.2.1/../../../../arm-none-eabi/lib/:/usr/bin/../arm-none-eabi/lib/]
  ignore line: [COLLECT_GCC_OPTIONS='-mcpu=cortex-m4' '-mfloat-abi=hard' '-mfpu=fpv4-sp-d16' '-mthumb' '-mthumb-interwork' '-ffunction-sections' '-fdata-sections' '-g' '-fno-common' '-fmessage-length=0' '-specs=nosys.specs' '-specs=nano.specs' '-std=gnu99' '-T' '/home/nick/project/CubeMX/Clion_MAX_test/STM32F429ZITx_FLASH.ld' '-v' '-o' 'cmTC_c1df3']
  link line: [ /usr/bin/../lib/gcc/arm-none-eabi/7.2.1/collect2 -plugin /usr/bin/../lib/gcc/arm-none-eabi/7.2.1/liblto_plugin.so -plugin-opt=/usr/bin/../lib/gcc/arm-none-eabi/7.2.1/lto-wrapper -plugin-opt=-fresolution=/tmp/ccAhxm4T.res -plugin-opt=-pass-through=-lgcc -plugin-opt=-pass-through=-lg_nano -plugin-opt=-pass-through=-lc_nano -plugin-opt=-pass-through=-lgcc -plugin-opt=-pass-through=-lc_nano -plugin-opt=-pass-through=-lnosys -plugin-opt=-pass-through=-lgcc -plugin-opt=-pass-through=-lc_nano -plugin-opt=-pass-through=-lnosys --sysroot=/usr/bin/../arm-none-eabi -X -o cmTC_c1df3 /usr/bin/../lib/gcc/arm-none-eabi/7.2.1/thumb/v7e-m/fpv4-sp/hard/crti.o /usr/bin/../lib/gcc/arm-none-eabi/7.2.1/thumb/v7e-m/fpv4-sp/hard/crtbegin.o /usr/bin/../lib/gcc/arm-none-eabi/7.2.1/../../../../arm-none-eabi/lib/thumb/v7e-m/fpv4-sp/hard/crt0.o -L/usr/bin/../lib/gcc/arm-none-eabi/7.2.1/thumb/v7e-m/fpv4-sp/hard -L/usr/bin/../lib/gcc/arm-none-eabi/7.2.1/../../../../arm-none-eabi/lib/thumb/v7e-m/fpv4-sp/hard -L/usr/bin/../arm-none-eabi/lib/thumb/v7e-m/fpv4-sp/hard -L/usr/bin/../lib/gcc/arm-none-eabi/7.2.1 -L/usr/bin/../lib/gcc -L/usr/bin/../lib/gcc/arm-none-eabi/7.2.1/../../../../arm-none-eabi/lib -L/usr/bin/../arm-none-eabi/lib -gc-sections CMakeFiles/cmTC_c1df3.dir/CMakeCCompilerABI.c.obj --start-group -lgcc -lg_nano -lc_nano --end-group --start-group -lgcc -lc_nano -lnosys --end-group --start-group -lgcc -lc_nano -lnosys --end-group /usr/bin/../lib/gcc/arm-none-eabi/7.2.1/thumb/v7e-m/fpv4-sp/hard/crtend.o /usr/bin/../lib/gcc/arm-none-eabi/7.2.1/thumb/v7e-m/fpv4-sp/hard/crtn.o -T /home/nick/project/CubeMX/Clion_MAX_test/STM32F429ZITx_FLASH.ld]
    arg [/usr/bin/../lib/gcc/arm-none-eabi/7.2.1/collect2] ==> ignore
    arg [-plugin] ==> ignore
    arg [/usr/bin/../lib/gcc/arm-none-eabi/7.2.1/liblto_plugin.so] ==> ignore
    arg [-plugin-opt=/usr/bin/../lib/gcc/arm-none-eabi/7.2.1/lto-wrapper] ==> ignore
    arg [-plugin-opt=-fresolution=/tmp/ccAhxm4T.res] ==> ignore
    arg [-plugin-opt=-pass-through=-lgcc] ==> ignore
    arg [-plugin-opt=-pass-through=-lg_nano] ==> ignore
    arg [-plugin-opt=-pass-through=-lc_nano] ==> ignore
    arg [-plugin-opt=-pass-through=-lgcc] ==> ignore
    arg [-plugin-opt=-pass-through=-lc_nano] ==> ignore
    arg [-plugin-opt=-pass-through=-lnosys] ==> ignore
    arg [-plugin-opt=-pass-through=-lgcc] ==> ignore
    arg [-plugin-opt=-pass-through=-lc_nano] ==> ignore
    arg [-plugin-opt=-pass-through=-lnosys] ==> ignore
    arg [--sysroot=/usr/bin/../arm-none-eabi] ==> ignore
    arg [-X] ==> ignore
    arg [-o] ==> ignore
    arg [cmTC_c1df3] ==> ignore
    arg [/usr/bin/../lib/gcc/arm-none-eabi/7.2.1/thumb/v7e-m/fpv4-sp/hard/crti.o] ==> ignore
    arg [/usr/bin/../lib/gcc/arm-none-eabi/7.2.1/thumb/v7e-m/fpv4-sp/hard/crtbegin.o] ==> ignore
    arg [/usr/bin/../lib/gcc/arm-none-eabi/7.2.1/../../../../arm-none-eabi/lib/thumb/v7e-m/fpv4-sp/hard/crt0.o] ==> ignore
    arg [-L/usr/bin/../lib/gcc/arm-none-eabi/7.2.1/thumb/v7e-m/fpv4-sp/hard] ==> dir [/usr/bin/../lib/gcc/arm-none-eabi/7.2.1/thumb/v7e-m/fpv4-sp/hard]
    arg [-L/usr/bin/../lib/gcc/arm-none-eabi/7.2.1/../../../../arm-none-eabi/lib/thumb/v7e-m/fpv4-sp/hard] ==> dir [/usr/bin/../lib/gcc/arm-none-eabi/7.2.1/../../../../arm-none-eabi/lib/thumb/v7e-m/fpv4-sp/hard]
    arg [-L/usr/bin/../arm-none-eabi/lib/thumb/v7e-m/fpv4-sp/hard] ==> dir [/usr/bin/../arm-none-eabi/lib/thumb/v7e-m/fpv4-sp/hard]
    arg [-L/usr/bin/../lib/gcc/arm-none-eabi/7.2.1] ==> dir [/usr/bin/../lib/gcc/arm-none-eabi/7.2.1]
    arg [-L/usr/bin/../lib/gcc] ==> dir [/usr/bin/../lib/gcc]
    arg [-L/usr/bin/../lib/gcc/arm-none-eabi/7.2.1/../../../../arm-none-eabi/lib] ==> dir [/usr/bin/../lib/gcc/arm-none-eabi/7.2.1/../../../../arm-none-eabi/lib]
    arg [-L/usr/bin/../arm-none-eabi/lib] ==> dir [/usr/bin/../arm-none-eabi/lib]
    arg [-gc-sections] ==> ignore
    arg [CMakeFiles/cmTC_c1df3.dir/CMakeCCompilerABI.c.obj] ==> ignore
    arg [--start-group] ==> ignore
    arg [-lgcc] ==> lib [gcc]
    arg [-lg_nano] ==> lib [g_nano]
    arg [-lc_nano] ==> lib [c_nano]
    arg [--end-group] ==> ignore
    arg [--start-group] ==> ignore
    arg [-lgcc] ==> lib [gcc]
    arg [-lc_nano] ==> lib [c_nano]
    arg [-lnosys] ==> lib [nosys]
    arg [--end-group] ==> ignore
    arg [--start-group] ==> ignore
    arg [-lgcc] ==> lib [gcc]
    arg [-lc_nano] ==> lib [c_nano]
    arg [-lnosys] ==> lib [nosys]
    arg [--end-group] ==> ignore
    arg [/usr/bin/../lib/gcc/arm-none-eabi/7.2.1/thumb/v7e-m/fpv4-sp/hard/crtend.o] ==> ignore
    arg [/usr/bin/../lib/gcc/arm-none-eabi/7.2.1/thumb/v7e-m/fpv4-sp/hard/crtn.o] ==> ignore
    arg [-T] ==> ignore
    arg [/home/nick/project/CubeMX/Clion_MAX_test/STM32F429ZITx_FLASH.ld] ==> ignore
  collapse library dir [/usr/bin/../lib/gcc/arm-none-eabi/7.2.1/thumb/v7e-m/fpv4-sp/hard] ==> [/usr/lib/gcc/arm-none-eabi/7.2.1/thumb/v7e-m/fpv4-sp/hard]
  collapse library dir [/usr/bin/../lib/gcc/arm-none-eabi/7.2.1/../../../../arm-none-eabi/lib/thumb/v7e-m/fpv4-sp/hard] ==> [/usr/arm-none-eabi/lib/thumb/v7e-m/fpv4-sp/hard]
  collapse library dir [/usr/bin/../arm-none-eabi/lib/thumb/v7e-m/fpv4-sp/hard] ==> [/usr/arm-none-eabi/lib/thumb/v7e-m/fpv4-sp/hard]
  collapse library dir [/usr/bin/../lib/gcc/arm-none-eabi/7.2.1] ==> [/usr/lib/gcc/arm-none-eabi/7.2.1]
  collapse library dir [/usr/bin/../lib/gcc] ==> [/usr/lib/gcc]
  collapse library dir [/usr/bin/../lib/gcc/arm-none-eabi/7.2.1/../../../../arm-none-eabi/lib] ==> [/usr/arm-none-eabi/lib]
  collapse library dir [/usr/bin/../arm-none-eabi/lib] ==> [/usr/arm-none-eabi/lib]
  implicit libs: [gcc;g_nano;c_nano;gcc;c_nano;nosys;gcc;c_nano;nosys]
  implicit dirs: [/usr/lib/gcc/arm-none-eabi/7.2.1/thumb/v7e-m/fpv4-sp/hard;/usr/arm-none-eabi/lib/thumb/v7e-m/fpv4-sp/hard;/usr/lib/gcc/arm-none-eabi/7.2.1;/usr/lib/gcc;/usr/arm-none-eabi/lib]
  implicit fwks: []




Detecting C [-std=c11] compiler features compiled with the following output:
Change Dir: /home/nick/project/CubeMX/Clion_MAX_test/build-debug/CMakeFiles/CMakeTmp

Run Build Command:"/usr/bin/make" "cmTC_5eaf2/fast"
/usr/bin/make -f CMakeFiles/cmTC_5eaf2.dir/build.make CMakeFiles/cmTC_5eaf2.dir/build
make[1]: Entering directory '/home/nick/project/CubeMX/Clion_MAX_test/build-debug/CMakeFiles/CMakeTmp'
Building C object CMakeFiles/cmTC_5eaf2.dir/feature_tests.c.obj
/usr/bin/arm-none-eabi-gcc   -mcpu=cortex-m4 -mfloat-abi=hard -mfpu=fpv4-sp-d16 -mthumb -mthumb-interwork -ffunction-sections -fdata-sections -g -fno-common -fmessage-length=0 -specs=nosys.specs -specs=nano.specs -std=gnu99    -std=c11 -o CMakeFiles/cmTC_5eaf2.dir/feature_tests.c.obj   -c /home/nick/project/CubeMX/Clion_MAX_test/build-debug/CMakeFiles/feature_tests.c
Linking C executable cmTC_5eaf2
/opt/clion/bin/cmake/bin/cmake -E cmake_link_script CMakeFiles/cmTC_5eaf2.dir/link.txt --verbose=1
/usr/bin/arm-none-eabi-gcc -mcpu=cortex-m4 -mfloat-abi=hard -mfpu=fpv4-sp-d16 -mthumb -mthumb-interwork -ffunction-sections -fdata-sections -g -fno-common -fmessage-length=0 -specs=nosys.specs -specs=nano.specs -std=gnu99   -Wl,-gc-sections -T /home/nick/project/CubeMX/Clion_MAX_test/STM32F429ZITx_FLASH.ld  CMakeFiles/cmTC_5eaf2.dir/feature_tests.c.obj  -o cmTC_5eaf2 
/usr/bin/../lib/gcc/arm-none-eabi/7.2.1/../../../../arm-none-eabi/bin/ld: warning: cannot find entry symbol Reset_Handler; defaulting to 0000000008000000
make[1]: Leaving directory '/home/nick/project/CubeMX/Clion_MAX_test/build-debug/CMakeFiles/CMakeTmp'




Detecting C [-std=c99] compiler features compiled with the following output:
Change Dir: /home/nick/project/CubeMX/Clion_MAX_test/build-debug/CMakeFiles/CMakeTmp

Run Build Command:"/usr/bin/make" "cmTC_418f0/fast"
/usr/bin/make -f CMakeFiles/cmTC_418f0.dir/build.make CMakeFiles/cmTC_418f0.dir/build
make[1]: Entering directory '/home/nick/project/CubeMX/Clion_MAX_test/build-debug/CMakeFiles/CMakeTmp'
Building C object CMakeFiles/cmTC_418f0.dir/feature_tests.c.obj
/usr/bin/arm-none-eabi-gcc   -mcpu=cortex-m4 -mfloat-abi=hard -mfpu=fpv4-sp-d16 -mthumb -mthumb-interwork -ffunction-sections -fdata-sections -g -fno-common -fmessage-length=0 -specs=nosys.specs -specs=nano.specs -std=gnu99    -std=c99 -o CMakeFiles/cmTC_418f0.dir/feature_tests.c.obj   -c /home/nick/project/CubeMX/Clion_MAX_test/build-debug/CMakeFiles/feature_tests.c
Linking C executable cmTC_418f0
/opt/clion/bin/cmake/bin/cmake -E cmake_link_script CMakeFiles/cmTC_418f0.dir/link.txt --verbose=1
/usr/bin/arm-none-eabi-gcc -mcpu=cortex-m4 -mfloat-abi=hard -mfpu=fpv4-sp-d16 -mthumb -mthumb-interwork -ffunction-sections -fdata-sections -g -fno-common -fmessage-length=0 -specs=nosys.specs -specs=nano.specs -std=gnu99   -Wl,-gc-sections -T /home/nick/project/CubeMX/Clion_MAX_test/STM32F429ZITx_FLASH.ld  CMakeFiles/cmTC_418f0.dir/feature_tests.c.obj  -o cmTC_418f0 
/usr/bin/../lib/gcc/arm-none-eabi/7.2.1/../../../../arm-none-eabi/bin/ld: warning: cannot find entry symbol Reset_Handler; defaulting to 0000000008000000
make[1]: Leaving directory '/home/nick/project/CubeMX/Clion_MAX_test/build-debug/CMakeFiles/CMakeTmp'




Detecting C [-std=c90] compiler features compiled with the following output:
Change Dir: /home/nick/project/CubeMX/Clion_MAX_test/build-debug/CMakeFiles/CMakeTmp

Run Build Command:"/usr/bin/make" "cmTC_2a16c/fast"
/usr/bin/make -f CMakeFiles/cmTC_2a16c.dir/build.make CMakeFiles/cmTC_2a16c.dir/build
make[1]: Entering directory '/home/nick/project/CubeMX/Clion_MAX_test/build-debug/CMakeFiles/CMakeTmp'
Building C object CMakeFiles/cmTC_2a16c.dir/feature_tests.c.obj
/usr/bin/arm-none-eabi-gcc   -mcpu=cortex-m4 -mfloat-abi=hard -mfpu=fpv4-sp-d16 -mthumb -mthumb-interwork -ffunction-sections -fdata-sections -g -fno-common -fmessage-length=0 -specs=nosys.specs -specs=nano.specs -std=gnu99    -std=c90 -o CMakeFiles/cmTC_2a16c.dir/feature_tests.c.obj   -c /home/nick/project/CubeMX/Clion_MAX_test/build-debug/CMakeFiles/feature_tests.c
Linking C executable cmTC_2a16c
/opt/clion/bin/cmake/bin/cmake -E cmake_link_script CMakeFiles/cmTC_2a16c.dir/link.txt --verbose=1
/usr/bin/arm-none-eabi-gcc -mcpu=cortex-m4 -mfloat-abi=hard -mfpu=fpv4-sp-d16 -mthumb -mthumb-interwork -ffunction-sections -fdata-sections -g -fno-common -fmessage-length=0 -specs=nosys.specs -specs=nano.specs -std=gnu99   -Wl,-gc-sections -T /home/nick/project/CubeMX/Clion_MAX_test/STM32F429ZITx_FLASH.ld  CMakeFiles/cmTC_2a16c.dir/feature_tests.c.obj  -o cmTC_2a16c 
/usr/bin/../lib/gcc/arm-none-eabi/7.2.1/../../../../arm-none-eabi/bin/ld: warning: cannot find entry symbol Reset_Handler; defaulting to 0000000008000000
make[1]: Leaving directory '/home/nick/project/CubeMX/Clion_MAX_test/build-debug/CMakeFiles/CMakeTmp'


Detecting CXX compiler ABI info compiled with the following output:
Change Dir: /home/nick/project/CubeMX/Clion_MAX_test/build-debug/CMakeFiles/CMakeTmp

Run Build Command:"/usr/bin/make" "cmTC_ec017/fast"
/usr/bin/make -f CMakeFiles/cmTC_ec017.dir/build.make CMakeFiles/cmTC_ec017.dir/build
make[1]: Entering directory '/home/nick/project/CubeMX/Clion_MAX_test/build-debug/CMakeFiles/CMakeTmp'
Building CXX object CMakeFiles/cmTC_ec017.dir/CMakeCXXCompilerABI.cpp.obj
/usr/bin/arm-none-eabi-g++    -mcpu=cortex-m4 -mfloat-abi=hard -mfpu=fpv4-sp-d16 -mthumb -mthumb-interwork -ffunction-sections -fdata-sections -g -fno-common -fmessage-length=0 -specs=nosys.specs -specs=nano.specs -std=c++11    -o CMakeFiles/cmTC_ec017.dir/CMakeCXXCompilerABI.cpp.obj -c /opt/clion/bin/cmake/share/cmake-3.10/Modules/CMakeCXXCompilerABI.cpp
Linking CXX executable cmTC_ec017
/opt/clion/bin/cmake/bin/cmake -E cmake_link_script CMakeFiles/cmTC_ec017.dir/link.txt --verbose=1
/usr/bin/arm-none-eabi-g++  -mcpu=cortex-m4 -mfloat-abi=hard -mfpu=fpv4-sp-d16 -mthumb -mthumb-interwork -ffunction-sections -fdata-sections -g -fno-common -fmessage-length=0 -specs=nosys.specs -specs=nano.specs -std=c++11   -Wl,-gc-sections -T /home/nick/project/CubeMX/Clion_MAX_test/STM32F429ZITx_FLASH.ld -v CMakeFiles/cmTC_ec017.dir/CMakeCXXCompilerABI.cpp.obj  -o cmTC_ec017 
Using built-in specs.
Reading specs from /usr/bin/../lib/gcc/arm-none-eabi/7.2.1/../../../../arm-none-eabi/lib/nosys.specs
rename spec link_gcc_c_sequence to nosys_link_gcc_c_sequence
Reading specs from /usr/bin/../lib/gcc/arm-none-eabi/7.2.1/../../../../arm-none-eabi/lib/nano.specs
rename spec link to nano_link
rename spec link_gcc_c_sequence to nano_link_gcc_c_sequence
rename spec cpp_unique_options to nano_cpp_unique_options
COLLECT_GCC=/usr/bin/arm-none-eabi-g++
COLLECT_LTO_WRAPPER=/usr/bin/../lib/gcc/arm-none-eabi/7.2.1/lto-wrapper
Target: arm-none-eabi
Configured with: /build/gcc-arm-none-eabi-Q8SHFJ/gcc-arm-none-eabi-7-2017q4/src/gcc/configure --target=arm-none-eabi --prefix=/build/gcc-arm-none-eabi-Q8SHFJ/gcc-arm-none-eabi-7-2017q4/install-native --libexecdir=/build/gcc-arm-none-eabi-Q8SHFJ/gcc-arm-none-eabi-7-2017q4/install-native/lib --infodir=/build/gcc-arm-none-eabi-Q8SHFJ/gcc-arm-none-eabi-7-2017q4/install-native/share/doc/gcc-arm-none-eabi/info --mandir=/build/gcc-arm-none-eabi-Q8SHFJ/gcc-arm-none-eabi-7-2017q4/install-native/share/doc/gcc-arm-none-eabi/man --htmldir=/build/gcc-arm-none-eabi-Q8SHFJ/gcc-arm-none-eabi-7-2017q4/install-native/share/doc/gcc-arm-none-eabi/html --pdfdir=/build/gcc-arm-none-eabi-Q8SHFJ/gcc-arm-none-eabi-7-2017q4/install-native/share/doc/gcc-arm-none-eabi/pdf --enable-languages=c,c++ --enable-plugins --disable-decimal-float --disable-libffi --disable-libgomp --disable-libmudflap --disable-libquadmath --disable-libssp --disable-libstdcxx-pch --disable-nls --disable-shared --disable-threads --disable-tls --with-gnu-as --with-gnu-ld --with-newlib --with-headers=yes --with-python-dir=share/gcc-arm-none-eabi --with-sysroot=/build/gcc-arm-none-eabi-Q8SHFJ/gcc-arm-none-eabi-7-2017q4/install-native/arm-none-eabi --with-host-libstdcxx='-static-libgcc -Wl,-Bstatic,-lstdc++,-Bdynamic -lm' --with-pkgversion='GNU Tools for Arm Embedded Processors 7-2017-q4-major' --with-multilib-list=rmprofile
Thread model: single
gcc version 7.2.1 20170904 (release) [ARM/embedded-7-branch revision 255204] (GNU Tools for Arm Embedded Processors 7-2017-q4-major) 
COMPILER_PATH=/usr/bin/../lib/gcc/arm-none-eabi/7.2.1/:/usr/bin/../lib/gcc/:/usr/bin/../lib/gcc/arm-none-eabi/7.2.1/../../../../arm-none-eabi/bin/
LIBRARY_PATH=/usr/bin/../lib/gcc/arm-none-eabi/7.2.1/thumb/v7e-m/fpv4-sp/hard/:/usr/bin/../lib/gcc/arm-none-eabi/7.2.1/../../../../arm-none-eabi/lib/thumb/v7e-m/fpv4-sp/hard/:/usr/bin/../arm-none-eabi/lib/thumb/v7e-m/fpv4-sp/hard/:/usr/bin/../lib/gcc/arm-none-eabi/7.2.1/:/usr/bin/../lib/gcc/:/usr/bin/../lib/gcc/arm-none-eabi/7.2.1/../../../../arm-none-eabi/lib/:/usr/bin/../arm-none-eabi/lib/
COLLECT_GCC_OPTIONS='-mcpu=cortex-m4' '-mfloat-abi=hard' '-mfpu=fpv4-sp-d16' '-mthumb' '-mthumb-interwork' '-ffunction-sections' '-fdata-sections' '-g' '-fno-common' '-fmessage-length=0' '-specs=nosys.specs' '-specs=nano.specs' '-std=c++11' '-T' '/home/nick/project/CubeMX/Clion_MAX_test/STM32F429ZITx_FLASH.ld' '-v' '-o' 'cmTC_ec017'
 /usr/bin/../lib/gcc/arm-none-eabi/7.2.1/collect2 -plugin /usr/bin/../lib/gcc/arm-none-eabi/7.2.1/liblto_plugin.so -plugin-opt=/usr/bin/../lib/gcc/arm-none-eabi/7.2.1/lto-wrapper -plugin-opt=-fresolution=/tmp/ccf4gfmW.res -plugin-opt=-pass-through=-lgcc -plugin-opt=-pass-through=-lg_nano -plugin-opt=-pass-through=-lc_nano -plugin-opt=-pass-through=-lgcc -plugin-opt=-pass-through=-lc_nano -plugin-opt=-pass-through=-lnosys -plugin-opt=-pass-through=-lgcc -plugin-opt=-pass-through=-lc_nano -plugin-opt=-pass-through=-lnosys --sysroot=/usr/bin/../arm-none-eabi -X -o cmTC_ec017 /usr/bin/../lib/gcc/arm-none-eabi/7.2.1/thumb/v7e-m/fpv4-sp/hard/crti.o /usr/bin/../lib/gcc/arm-none-eabi/7.2.1/thumb/v7e-m/fpv4-sp/hard/crtbegin.o /usr/bin/../lib/gcc/arm-none-eabi/7.2.1/../../../../arm-none-eabi/lib/thumb/v7e-m/fpv4-sp/hard/crt0.o -L/usr/bin/../lib/gcc/arm-none-eabi/7.2.1/thumb/v7e-m/fpv4-sp/hard -L/usr/bin/../lib/gcc/arm-none-eabi/7.2.1/../../../../arm-none-eabi/lib/thumb/v7e-m/fpv4-sp/hard -L/usr/bin/../arm-none-eabi/lib/thumb/v7e-m/fpv4-sp/hard -L/usr/bin/../lib/gcc/arm-none-eabi/7.2.1 -L/usr/bin/../lib/gcc -L/usr/bin/../lib/gcc/arm-none-eabi/7.2.1/../../../../arm-none-eabi/lib -L/usr/bin/../arm-none-eabi/lib -gc-sections CMakeFiles/cmTC_ec017.dir/CMakeCXXCompilerABI.cpp.obj -lstdc++_nano -lm --start-group -lgcc -lg_nano -lc_nano --end-group --start-group -lgcc -lc_nano -lnosys --end-group --start-group -lgcc -lc_nano -lnosys --end-group /usr/bin/../lib/gcc/arm-none-eabi/7.2.1/thumb/v7e-m/fpv4-sp/hard/crtend.o /usr/bin/../lib/gcc/arm-none-eabi/7.2.1/thumb/v7e-m/fpv4-sp/hard/crtn.o -T /home/nick/project/CubeMX/Clion_MAX_test/STM32F429ZITx_FLASH.ld
/usr/bin/../lib/gcc/arm-none-eabi/7.2.1/../../../../arm-none-eabi/bin/ld: warning: cannot find entry symbol Reset_Handler; defaulting to 0000000008000000
COLLECT_GCC_OPTIONS='-mcpu=cortex-m4' '-mfloat-abi=hard' '-mfpu=fpv4-sp-d16' '-mthumb' '-mthumb-interwork' '-ffunction-sections' '-fdata-sections' '-g' '-fno-common' '-fmessage-length=0' '-specs=nosys.specs' '-specs=nano.specs' '-std=c++11' '-T' '/home/nick/project/CubeMX/Clion_MAX_test/STM32F429ZITx_FLASH.ld' '-v' '-o' 'cmTC_ec017'
make[1]: Leaving directory '/home/nick/project/CubeMX/Clion_MAX_test/build-debug/CMakeFiles/CMakeTmp'


Parsed CXX implicit link information from above output:
  link line regex: [^( *|.*[/\])(arm-none-eabi-ld|CMAKE_LINK_STARTFILE-NOTFOUND|([^/\]+-)?ld|collect2)[^/\]*( |$)]
  ignore line: [Change Dir: /home/nick/project/CubeMX/Clion_MAX_test/build-debug/CMakeFiles/CMakeTmp]
  ignore line: []
  ignore line: [Run Build Command:"/usr/bin/make" "cmTC_ec017/fast"]
  ignore line: [/usr/bin/make -f CMakeFiles/cmTC_ec017.dir/build.make CMakeFiles/cmTC_ec017.dir/build]
  ignore line: [make[1]: Entering directory '/home/nick/project/CubeMX/Clion_MAX_test/build-debug/CMakeFiles/CMakeTmp']
  ignore line: [Building CXX object CMakeFiles/cmTC_ec017.dir/CMakeCXXCompilerABI.cpp.obj]
  ignore line: [/usr/bin/arm-none-eabi-g++    -mcpu=cortex-m4 -mfloat-abi=hard -mfpu=fpv4-sp-d16 -mthumb -mthumb-interwork -ffunction-sections -fdata-sections -g -fno-common -fmessage-length=0 -specs=nosys.specs -specs=nano.specs -std=c++11    -o CMakeFiles/cmTC_ec017.dir/CMakeCXXCompilerABI.cpp.obj -c /opt/clion/bin/cmake/share/cmake-3.10/Modules/CMakeCXXCompilerABI.cpp]
  ignore line: [Linking CXX executable cmTC_ec017]
  ignore line: [/opt/clion/bin/cmake/bin/cmake -E cmake_link_script CMakeFiles/cmTC_ec017.dir/link.txt --verbose=1]
  ignore line: [/usr/bin/arm-none-eabi-g++  -mcpu=cortex-m4 -mfloat-abi=hard -mfpu=fpv4-sp-d16 -mthumb -mthumb-interwork -ffunction-sections -fdata-sections -g -fno-common -fmessage-length=0 -specs=nosys.specs -specs=nano.specs -std=c++11   -Wl,-gc-sections -T /home/nick/project/CubeMX/Clion_MAX_test/STM32F429ZITx_FLASH.ld -v CMakeFiles/cmTC_ec017.dir/CMakeCXXCompilerABI.cpp.obj  -o cmTC_ec017 ]
  ignore line: [Using built-in specs.]
  ignore line: [Reading specs from /usr/bin/../lib/gcc/arm-none-eabi/7.2.1/../../../../arm-none-eabi/lib/nosys.specs]
  ignore line: [rename spec link_gcc_c_sequence to nosys_link_gcc_c_sequence]
  ignore line: [Reading specs from /usr/bin/../lib/gcc/arm-none-eabi/7.2.1/../../../../arm-none-eabi/lib/nano.specs]
  ignore line: [rename spec link to nano_link]
  ignore line: [rename spec link_gcc_c_sequence to nano_link_gcc_c_sequence]
  ignore line: [rename spec cpp_unique_options to nano_cpp_unique_options]
  ignore line: [COLLECT_GCC=/usr/bin/arm-none-eabi-g++]
  ignore line: [COLLECT_LTO_WRAPPER=/usr/bin/../lib/gcc/arm-none-eabi/7.2.1/lto-wrapper]
  ignore line: [Target: arm-none-eabi]
  ignore line: [Configured with: /build/gcc-arm-none-eabi-Q8SHFJ/gcc-arm-none-eabi-7-2017q4/src/gcc/configure --target=arm-none-eabi --prefix=/build/gcc-arm-none-eabi-Q8SHFJ/gcc-arm-none-eabi-7-2017q4/install-native --libexecdir=/build/gcc-arm-none-eabi-Q8SHFJ/gcc-arm-none-eabi-7-2017q4/install-native/lib --infodir=/build/gcc-arm-none-eabi-Q8SHFJ/gcc-arm-none-eabi-7-2017q4/install-native/share/doc/gcc-arm-none-eabi/info --mandir=/build/gcc-arm-none-eabi-Q8SHFJ/gcc-arm-none-eabi-7-2017q4/install-native/share/doc/gcc-arm-none-eabi/man --htmldir=/build/gcc-arm-none-eabi-Q8SHFJ/gcc-arm-none-eabi-7-2017q4/install-native/share/doc/gcc-arm-none-eabi/html --pdfdir=/build/gcc-arm-none-eabi-Q8SHFJ/gcc-arm-none-eabi-7-2017q4/install-native/share/doc/gcc-arm-none-eabi/pdf --enable-languages=c,c++ --enable-plugins --disable-decimal-float --disable-libffi --disable-libgomp --disable-libmudflap --disable-libquadmath --disable-libssp --disable-libstdcxx-pch --disable-nls --disable-shared --disable-threads --disable-tls --with-gnu-as --with-gnu-ld --with-newlib --with-headers=yes --with-python-dir=share/gcc-arm-none-eabi --with-sysroot=/build/gcc-arm-none-eabi-Q8SHFJ/gcc-arm-none-eabi-7-2017q4/install-native/arm-none-eabi --with-host-libstdcxx='-static-libgcc -Wl,-Bstatic,-lstdc++,-Bdynamic -lm' --with-pkgversion='GNU Tools for Arm Embedded Processors 7-2017-q4-major' --with-multilib-list=rmprofile]
  ignore line: [Thread model: single]
  ignore line: [gcc version 7.2.1 20170904 (release) [ARM/embedded-7-branch revision 255204] (GNU Tools for Arm Embedded Processors 7-2017-q4-major) ]
  ignore line: [COMPILER_PATH=/usr/bin/../lib/gcc/arm-none-eabi/7.2.1/:/usr/bin/../lib/gcc/:/usr/bin/../lib/gcc/arm-none-eabi/7.2.1/../../../../arm-none-eabi/bin/]
  ignore line: [LIBRARY_PATH=/usr/bin/../lib/gcc/arm-none-eabi/7.2.1/thumb/v7e-m/fpv4-sp/hard/:/usr/bin/../lib/gcc/arm-none-eabi/7.2.1/../../../../arm-none-eabi/lib/thumb/v7e-m/fpv4-sp/hard/:/usr/bin/../arm-none-eabi/lib/thumb/v7e-m/fpv4-sp/hard/:/usr/bin/../lib/gcc/arm-none-eabi/7.2.1/:/usr/bin/../lib/gcc/:/usr/bin/../lib/gcc/arm-none-eabi/7.2.1/../../../../arm-none-eabi/lib/:/usr/bin/../arm-none-eabi/lib/]
  ignore line: [COLLECT_GCC_OPTIONS='-mcpu=cortex-m4' '-mfloat-abi=hard' '-mfpu=fpv4-sp-d16' '-mthumb' '-mthumb-interwork' '-ffunction-sections' '-fdata-sections' '-g' '-fno-common' '-fmessage-length=0' '-specs=nosys.specs' '-specs=nano.specs' '-std=c++11' '-T' '/home/nick/project/CubeMX/Clion_MAX_test/STM32F429ZITx_FLASH.ld' '-v' '-o' 'cmTC_ec017']
  link line: [ /usr/bin/../lib/gcc/arm-none-eabi/7.2.1/collect2 -plugin /usr/bin/../lib/gcc/arm-none-eabi/7.2.1/liblto_plugin.so -plugin-opt=/usr/bin/../lib/gcc/arm-none-eabi/7.2.1/lto-wrapper -plugin-opt=-fresolution=/tmp/ccf4gfmW.res -plugin-opt=-pass-through=-lgcc -plugin-opt=-pass-through=-lg_nano -plugin-opt=-pass-through=-lc_nano -plugin-opt=-pass-through=-lgcc -plugin-opt=-pass-through=-lc_nano -plugin-opt=-pass-through=-lnosys -plugin-opt=-pass-through=-lgcc -plugin-opt=-pass-through=-lc_nano -plugin-opt=-pass-through=-lnosys --sysroot=/usr/bin/../arm-none-eabi -X -o cmTC_ec017 /usr/bin/../lib/gcc/arm-none-eabi/7.2.1/thumb/v7e-m/fpv4-sp/hard/crti.o /usr/bin/../lib/gcc/arm-none-eabi/7.2.1/thumb/v7e-m/fpv4-sp/hard/crtbegin.o /usr/bin/../lib/gcc/arm-none-eabi/7.2.1/../../../../arm-none-eabi/lib/thumb/v7e-m/fpv4-sp/hard/crt0.o -L/usr/bin/../lib/gcc/arm-none-eabi/7.2.1/thumb/v7e-m/fpv4-sp/hard -L/usr/bin/../lib/gcc/arm-none-eabi/7.2.1/../../../../arm-none-eabi/lib/thumb/v7e-m/fpv4-sp/hard -L/usr/bin/../arm-none-eabi/lib/thumb/v7e-m/fpv4-sp/hard -L/usr/bin/../lib/gcc/arm-none-eabi/7.2.1 -L/usr/bin/../lib/gcc -L/usr/bin/../lib/gcc/arm-none-eabi/7.2.1/../../../../arm-none-eabi/lib -L/usr/bin/../arm-none-eabi/lib -gc-sections CMakeFiles/cmTC_ec017.dir/CMakeCXXCompilerABI.cpp.obj -lstdc++_nano -lm --start-group -lgcc -lg_nano -lc_nano --end-group --start-group -lgcc -lc_nano -lnosys --end-group --start-group -lgcc -lc_nano -lnosys --end-group /usr/bin/../lib/gcc/arm-none-eabi/7.2.1/thumb/v7e-m/fpv4-sp/hard/crtend.o /usr/bin/../lib/gcc/arm-none-eabi/7.2.1/thumb/v7e-m/fpv4-sp/hard/crtn.o -T /home/nick/project/CubeMX/Clion_MAX_test/STM32F429ZITx_FLASH.ld]
    arg [/usr/bin/../lib/gcc/arm-none-eabi/7.2.1/collect2] ==> ignore
    arg [-plugin] ==> ignore
    arg [/usr/bin/../lib/gcc/arm-none-eabi/7.2.1/liblto_plugin.so] ==> ignore
    arg [-plugin-opt=/usr/bin/../lib/gcc/arm-none-eabi/7.2.1/lto-wrapper] ==> ignore
    arg [-plugin-opt=-fresolution=/tmp/ccf4gfmW.res] ==> ignore
    arg [-plugin-opt=-pass-through=-lgcc] ==> ignore
    arg [-plugin-opt=-pass-through=-lg_nano] ==> ignore
    arg [-plugin-opt=-pass-through=-lc_nano] ==> ignore
    arg [-plugin-opt=-pass-through=-lgcc] ==> ignore
    arg [-plugin-opt=-pass-through=-lc_nano] ==> ignore
    arg [-plugin-opt=-pass-through=-lnosys] ==> ignore
    arg [-plugin-opt=-pass-through=-lgcc] ==> ignore
    arg [-plugin-opt=-pass-through=-lc_nano] ==> ignore
    arg [-plugin-opt=-pass-through=-lnosys] ==> ignore
    arg [--sysroot=/usr/bin/../arm-none-eabi] ==> ignore
    arg [-X] ==> ignore
    arg [-o] ==> ignore
    arg [cmTC_ec017] ==> ignore
    arg [/usr/bin/../lib/gcc/arm-none-eabi/7.2.1/thumb/v7e-m/fpv4-sp/hard/crti.o] ==> ignore
    arg [/usr/bin/../lib/gcc/arm-none-eabi/7.2.1/thumb/v7e-m/fpv4-sp/hard/crtbegin.o] ==> ignore
    arg [/usr/bin/../lib/gcc/arm-none-eabi/7.2.1/../../../../arm-none-eabi/lib/thumb/v7e-m/fpv4-sp/hard/crt0.o] ==> ignore
    arg [-L/usr/bin/../lib/gcc/arm-none-eabi/7.2.1/thumb/v7e-m/fpv4-sp/hard] ==> dir [/usr/bin/../lib/gcc/arm-none-eabi/7.2.1/thumb/v7e-m/fpv4-sp/hard]
    arg [-L/usr/bin/../lib/gcc/arm-none-eabi/7.2.1/../../../../arm-none-eabi/lib/thumb/v7e-m/fpv4-sp/hard] ==> dir [/usr/bin/../lib/gcc/arm-none-eabi/7.2.1/../../../../arm-none-eabi/lib/thumb/v7e-m/fpv4-sp/hard]
    arg [-L/usr/bin/../arm-none-eabi/lib/thumb/v7e-m/fpv4-sp/hard] ==> dir [/usr/bin/../arm-none-eabi/lib/thumb/v7e-m/fpv4-sp/hard]
    arg [-L/usr/bin/../lib/gcc/arm-none-eabi/7.2.1] ==> dir [/usr/bin/../lib/gcc/arm-none-eabi/7.2.1]
    arg [-L/usr/bin/../lib/gcc] ==> dir [/usr/bin/../lib/gcc]
    arg [-L/usr/bin/../lib/gcc/arm-none-eabi/7.2.1/../../../../arm-none-eabi/lib] ==> dir [/usr/bin/../lib/gcc/arm-none-eabi/7.2.1/../../../../arm-none-eabi/lib]
    arg [-L/usr/bin/../arm-none-eabi/lib] ==> dir [/usr/bin/../arm-none-eabi/lib]
    arg [-gc-sections] ==> ignore
    arg [CMakeFiles/cmTC_ec017.dir/CMakeCXXCompilerABI.cpp.obj] ==> ignore
    arg [-lstdc++_nano] ==> lib [stdc++_nano]
    arg [-lm] ==> lib [m]
    arg [--start-group] ==> ignore
    arg [-lgcc] ==> lib [gcc]
    arg [-lg_nano] ==> lib [g_nano]
    arg [-lc_nano] ==> lib [c_nano]
    arg [--end-group] ==> ignore
    arg [--start-group] ==> ignore
    arg [-lgcc] ==> lib [gcc]
    arg [-lc_nano] ==> lib [c_nano]
    arg [-lnosys] ==> lib [nosys]
    arg [--end-group] ==> ignore
    arg [--start-group] ==> ignore
    arg [-lgcc] ==> lib [gcc]
    arg [-lc_nano] ==> lib [c_nano]
    arg [-lnosys] ==> lib [nosys]
    arg [--end-group] ==> ignore
    arg [/usr/bin/../lib/gcc/arm-none-eabi/7.2.1/thumb/v7e-m/fpv4-sp/hard/crtend.o] ==> ignore
    arg [/usr/bin/../lib/gcc/arm-none-eabi/7.2.1/thumb/v7e-m/fpv4-sp/hard/crtn.o] ==> ignore
    arg [-T] ==> ignore
    arg [/home/nick/project/CubeMX/Clion_MAX_test/STM32F429ZITx_FLASH.ld] ==> ignore
  collapse library dir [/usr/bin/../lib/gcc/arm-none-eabi/7.2.1/thumb/v7e-m/fpv4-sp/hard] ==> [/usr/lib/gcc/arm-none-eabi/7.2.1/thumb/v7e-m/fpv4-sp/hard]
  collapse library dir [/usr/bin/../lib/gcc/arm-none-eabi/7.2.1/../../../../arm-none-eabi/lib/thumb/v7e-m/fpv4-sp/hard] ==> [/usr/arm-none-eabi/lib/thumb/v7e-m/fpv4-sp/hard]
  collapse library dir [/usr/bin/../arm-none-eabi/lib/thumb/v7e-m/fpv4-sp/hard] ==> [/usr/arm-none-eabi/lib/thumb/v7e-m/fpv4-sp/hard]
  collapse library dir [/usr/bin/../lib/gcc/arm-none-eabi/7.2.1] ==> [/usr/lib/gcc/arm-none-eabi/7.2.1]
  collapse library dir [/usr/bin/../lib/gcc] ==> [/usr/lib/gcc]
  collapse library dir [/usr/bin/../lib/gcc/arm-none-eabi/7.2.1/../../../../arm-none-eabi/lib] ==> [/usr/arm-none-eabi/lib]
  collapse library dir [/usr/bin/../arm-none-eabi/lib] ==> [/usr/arm-none-eabi/lib]
  implicit libs: [stdc++_nano;m;gcc;g_nano;c_nano;gcc;c_nano;nosys;gcc;c_nano;nosys]
  implicit dirs: [/usr/lib/gcc/arm-none-eabi/7.2.1/thumb/v7e-m/fpv4-sp/hard;/usr/arm-none-eabi/lib/thumb/v7e-m/fpv4-sp/hard;/usr/lib/gcc/arm-none-eabi/7.2.1;/usr/lib/gcc;/usr/arm-none-eabi/lib]
  implicit fwks: []




Detecting CXX [-std=c++1z] compiler features compiled with the following output:
Change Dir: /home/nick/project/CubeMX/Clion_MAX_test/build-debug/CMakeFiles/CMakeTmp

Run Build Command:"/usr/bin/make" "cmTC_bf023/fast"
/usr/bin/make -f CMakeFiles/cmTC_bf023.dir/build.make CMakeFiles/cmTC_bf023.dir/build
make[1]: Entering directory '/home/nick/project/CubeMX/Clion_MAX_test/build-debug/CMakeFiles/CMakeTmp'
Building CXX object CMakeFiles/cmTC_bf023.dir/feature_tests.cxx.obj
/usr/bin/arm-none-eabi-g++    -mcpu=cortex-m4 -mfloat-abi=hard -mfpu=fpv4-sp-d16 -mthumb -mthumb-interwork -ffunction-sections -fdata-sections -g -fno-common -fmessage-length=0 -specs=nosys.specs -specs=nano.specs -std=c++11    -std=c++1z -o CMakeFiles/cmTC_bf023.dir/feature_tests.cxx.obj -c /home/nick/project/CubeMX/Clion_MAX_test/build-debug/CMakeFiles/feature_tests.cxx
Linking CXX executable cmTC_bf023
/opt/clion/bin/cmake/bin/cmake -E cmake_link_script CMakeFiles/cmTC_bf023.dir/link.txt --verbose=1
/usr/bin/arm-none-eabi-g++  -mcpu=cortex-m4 -mfloat-abi=hard -mfpu=fpv4-sp-d16 -mthumb -mthumb-interwork -ffunction-sections -fdata-sections -g -fno-common -fmessage-length=0 -specs=nosys.specs -specs=nano.specs -std=c++11   -Wl,-gc-sections -T /home/nick/project/CubeMX/Clion_MAX_test/STM32F429ZITx_FLASH.ld  CMakeFiles/cmTC_bf023.dir/feature_tests.cxx.obj  -o cmTC_bf023 
/usr/bin/../lib/gcc/arm-none-eabi/7.2.1/../../../../arm-none-eabi/bin/ld: warning: cannot find entry symbol Reset_Handler; defaulting to 0000000008000000
make[1]: Leaving directory '/home/nick/project/CubeMX/Clion_MAX_test/build-debug/CMakeFiles/CMakeTmp'




Detecting CXX [-std=c++14] compiler features compiled with the following output:
Change Dir: /home/nick/project/CubeMX/Clion_MAX_test/build-debug/CMakeFiles/CMakeTmp

Run Build Command:"/usr/bin/make" "cmTC_a87e7/fast"
/usr/bin/make -f CMakeFiles/cmTC_a87e7.dir/build.make CMakeFiles/cmTC_a87e7.dir/build
make[1]: Entering directory '/home/nick/project/CubeMX/Clion_MAX_test/build-debug/CMakeFiles/CMakeTmp'
Building CXX object CMakeFiles/cmTC_a87e7.dir/feature_tests.cxx.obj
/usr/bin/arm-none-eabi-g++    -mcpu=cortex-m4 -mfloat-abi=hard -mfpu=fpv4-sp-d16 -mthumb -mthumb-interwork -ffunction-sections -fdata-sections -g -fno-common -fmessage-length=0 -specs=nosys.specs -specs=nano.specs -std=c++11    -std=c++14 -o CMakeFiles/cmTC_a87e7.dir/feature_tests.cxx.obj -c /home/nick/project/CubeMX/Clion_MAX_test/build-debug/CMakeFiles/feature_tests.cxx
Linking CXX executable cmTC_a87e7
/opt/clion/bin/cmake/bin/cmake -E cmake_link_script CMakeFiles/cmTC_a87e7.dir/link.txt --verbose=1
/usr/bin/arm-none-eabi-g++  -mcpu=cortex-m4 -mfloat-abi=hard -mfpu=fpv4-sp-d16 -mthumb -mthumb-interwork -ffunction-sections -fdata-sections -g -fno-common -fmessage-length=0 -specs=nosys.specs -specs=nano.specs -std=c++11   -Wl,-gc-sections -T /home/nick/project/CubeMX/Clion_MAX_test/STM32F429ZITx_FLASH.ld  CMakeFiles/cmTC_a87e7.dir/feature_tests.cxx.obj  -o cmTC_a87e7 
/usr/bin/../lib/gcc/arm-none-eabi/7.2.1/../../../../arm-none-eabi/bin/ld: warning: cannot find entry symbol Reset_Handler; defaulting to 0000000008000000
make[1]: Leaving directory '/home/nick/project/CubeMX/Clion_MAX_test/build-debug/CMakeFiles/CMakeTmp'




Detecting CXX [-std=c++11] compiler features compiled with the following output:
Change Dir: /home/nick/project/CubeMX/Clion_MAX_test/build-debug/CMakeFiles/CMakeTmp

Run Build Command:"/usr/bin/make" "cmTC_239bd/fast"
/usr/bin/make -f CMakeFiles/cmTC_239bd.dir/build.make CMakeFiles/cmTC_239bd.dir/build
make[1]: Entering directory '/home/nick/project/CubeMX/Clion_MAX_test/build-debug/CMakeFiles/CMakeTmp'
Building CXX object CMakeFiles/cmTC_239bd.dir/feature_tests.cxx.obj
/usr/bin/arm-none-eabi-g++    -mcpu=cortex-m4 -mfloat-abi=hard -mfpu=fpv4-sp-d16 -mthumb -mthumb-interwork -ffunction-sections -fdata-sections -g -fno-common -fmessage-length=0 -specs=nosys.specs -specs=nano.specs -std=c++11    -std=c++11 -o CMakeFiles/cmTC_239bd.dir/feature_tests.cxx.obj -c /home/nick/project/CubeMX/Clion_MAX_test/build-debug/CMakeFiles/feature_tests.cxx
Linking CXX executable cmTC_239bd
/opt/clion/bin/cmake/bin/cmake -E cmake_link_script CMakeFiles/cmTC_239bd.dir/link.txt --verbose=1
/usr/bin/arm-none-eabi-g++  -mcpu=cortex-m4 -mfloat-abi=hard -mfpu=fpv4-sp-d16 -mthumb -mthumb-interwork -ffunction-sections -fdata-sections -g -fno-common -fmessage-length=0 -specs=nosys.specs -specs=nano.specs -std=c++11   -Wl,-gc-sections -T /home/nick/project/CubeMX/Clion_MAX_test/STM32F429ZITx_FLASH.ld  CMakeFiles/cmTC_239bd.dir/feature_tests.cxx.obj  -o cmTC_239bd 
/usr/bin/../lib/gcc/arm-none-eabi/7.2.1/../../../../arm-none-eabi/bin/ld: warning: cannot find entry symbol Reset_Handler; defaulting to 0000000008000000
make[1]: Leaving directory '/home/nick/project/CubeMX/Clion_MAX_test/build-debug/CMakeFiles/CMakeTmp'




Detecting CXX [-std=c++98] compiler features compiled with the following output:
Change Dir: /home/nick/project/CubeMX/Clion_MAX_test/build-debug/CMakeFiles/CMakeTmp

Run Build Command:"/usr/bin/make" "cmTC_66ca0/fast"
/usr/bin/make -f CMakeFiles/cmTC_66ca0.dir/build.make CMakeFiles/cmTC_66ca0.dir/build
make[1]: Entering directory '/home/nick/project/CubeMX/Clion_MAX_test/build-debug/CMakeFiles/CMakeTmp'
Building CXX object CMakeFiles/cmTC_66ca0.dir/feature_tests.cxx.obj
/usr/bin/arm-none-eabi-g++    -mcpu=cortex-m4 -mfloat-abi=hard -mfpu=fpv4-sp-d16 -mthumb -mthumb-interwork -ffunction-sections -fdata-sections -g -fno-common -fmessage-length=0 -specs=nosys.specs -specs=nano.specs -std=c++11    -std=c++98 -o CMakeFiles/cmTC_66ca0.dir/feature_tests.cxx.obj -c /home/nick/project/CubeMX/Clion_MAX_test/build-debug/CMakeFiles/feature_tests.cxx
Linking CXX executable cmTC_66ca0
/opt/clion/bin/cmake/bin/cmake -E cmake_link_script CMakeFiles/cmTC_66ca0.dir/link.txt --verbose=1
/usr/bin/arm-none-eabi-g++  -mcpu=cortex-m4 -mfloat-abi=hard -mfpu=fpv4-sp-d16 -mthumb -mthumb-interwork -ffunction-sections -fdata-sections -g -fno-common -fmessage-length=0 -specs=nosys.specs -specs=nano.specs -std=c++11   -Wl,-gc-sections -T /home/nick/project/CubeMX/Clion_MAX_test/STM32F429ZITx_FLASH.ld  CMakeFiles/cmTC_66ca0.dir/feature_tests.cxx.obj  -o cmTC_66ca0 
/usr/bin/../lib/gcc/arm-none-eabi/7.2.1/../../../../arm-none-eabi/bin/ld: warning: cannot find entry symbol Reset_Handler; defaulting to 0000000008000000
make[1]: Leaving directory '/home/nick/project/CubeMX/Clion_MAX_test/build-debug/CMakeFiles/CMakeTmp'


